2025-05-14T20:09:49.429002 => Starting processing of Incoming_data\2024-05-01\11\credit_cards_billing.csv
2025-05-14T20:09:49.429373 => Processing Incoming_data\2024-05-01\11\credit_cards_billing.csv with Listener
2025-05-14T20:09:49.429557 => Processing Incoming_data\2024-05-01\11\credit_cards_billing.csv with Extractor
2025-05-14T20:09:49.438205 => Processing Incoming_data\2024-05-01\11\credit_cards_billing.csv with FileTypeDetector
2025-05-14T20:09:49.438682 => Processing Incoming_data\2024-05-01\11\credit_cards_billing.csv with Validator
2025-05-14T20:09:49.448708 => Processing Incoming_data\2024-05-01\11\credit_cards_billing.csv with RejectedFilesHandler
2025-05-14T20:09:49.448887 => Processing Incoming_data\2024-05-01\11\credit_cards_billing.csv with TransformerSelector
2025-05-14T20:09:55.941123 => Processing Incoming_data\2024-05-01\11\credit_cards_billing.csv with ParquetWriter
2025-05-14T20:09:56.772252 => Completed processing of Incoming_data\2024-05-01\11\credit_cards_billing.csv
2025-05-14T20:09:56.839311 => Starting processing of Incoming_data\2024-05-01\11\customer_profiles.csv
2025-05-14T20:09:56.839847 => Processing Incoming_data\2024-05-01\11\customer_profiles.csv with Listener
2025-05-14T20:09:56.840148 => Processing Incoming_data\2024-05-01\11\customer_profiles.csv with Extractor
2025-05-14T20:09:56.845802 => Processing Incoming_data\2024-05-01\11\customer_profiles.csv with FileTypeDetector
2025-05-14T20:09:56.846148 => Processing Incoming_data\2024-05-01\11\customer_profiles.csv with Validator
2025-05-14T20:09:56.857164 => Processing Incoming_data\2024-05-01\11\customer_profiles.csv with RejectedFilesHandler
2025-05-14T20:09:56.857400 => Processing Incoming_data\2024-05-01\11\customer_profiles.csv with TransformerSelector
2025-05-14T20:09:59.850454 => Processing Incoming_data\2024-05-01\11\customer_profiles.csv with ParquetWriter
2025-05-14T20:10:00.418857 => Completed processing of Incoming_data\2024-05-01\11\customer_profiles.csv
2025-05-14T20:10:00.459204 => Starting processing of Incoming_data\2024-05-01\11\loans.txt
2025-05-14T20:10:00.459545 => Processing Incoming_data\2024-05-01\11\loans.txt with Listener
2025-05-14T20:10:00.459826 => Processing Incoming_data\2024-05-01\11\loans.txt with Extractor
2025-05-14T20:10:00.461099 => Processing Incoming_data\2024-05-01\11\loans.txt with FileTypeDetector
2025-05-14T20:10:00.461374 => Processing Incoming_data\2024-05-01\11\loans.txt with Validator
2025-05-14T20:10:00.473534 => Processing Incoming_data\2024-05-01\11\loans.txt with RejectedFilesHandler
2025-05-14T20:10:00.473725 => Processing Incoming_data\2024-05-01\11\loans.txt with TransformerSelector
2025-05-14T20:10:00.554306 => Processing Incoming_data\2024-05-01\11\loans.txt with ParquetWriter
2025-05-14T20:10:00.572317 => Completed processing of Incoming_data\2024-05-01\11\loans.txt
2025-05-14T20:10:00.573022 => Starting processing of Incoming_data\2024-05-01\11\support_tickets.csv
2025-05-14T20:10:00.573214 => Processing Incoming_data\2024-05-01\11\support_tickets.csv with Listener
2025-05-14T20:10:00.573403 => Processing Incoming_data\2024-05-01\11\support_tickets.csv with Extractor
2025-05-14T20:10:00.575103 => Processing Incoming_data\2024-05-01\11\support_tickets.csv with FileTypeDetector
2025-05-14T20:10:00.575465 => Processing Incoming_data\2024-05-01\11\support_tickets.csv with Validator
2025-05-14T20:10:00.591409 => Processing Incoming_data\2024-05-01\11\support_tickets.csv with RejectedFilesHandler
2025-05-14T20:10:00.591790 => Processing Incoming_data\2024-05-01\11\support_tickets.csv with TransformerSelector
2025-05-14T20:10:01.064870 => Processing Incoming_data\2024-05-01\11\support_tickets.csv with ParquetWriter
2025-05-14T20:10:01.118177 => Completed processing of Incoming_data\2024-05-01\11\support_tickets.csv
2025-05-14T20:10:01.121241 => Starting processing of Incoming_data\2024-05-01\11\transactions.json
2025-05-14T20:10:01.121425 => Processing Incoming_data\2024-05-01\11\transactions.json with Listener
2025-05-14T20:10:01.121602 => Processing Incoming_data\2024-05-01\11\transactions.json with Extractor
2025-05-14T20:10:01.127904 => Processing Incoming_data\2024-05-01\11\transactions.json with FileTypeDetector
2025-05-14T20:10:01.128154 => Processing Incoming_data\2024-05-01\11\transactions.json with Validator
2025-05-14T20:10:01.298995 => Processing Incoming_data\2024-05-01\11\transactions.json with RejectedFilesHandler
2025-05-14T20:10:01.299230 => Processing Incoming_data\2024-05-01\11\transactions.json with TransformerSelector
2025-05-14T20:10:02.995819 => Processing Incoming_data\2024-05-01\11\transactions.json with ParquetWriter
2025-05-14T20:10:03.336280 => Completed processing of Incoming_data\2024-05-01\11\transactions.json
2025-05-14T20:10:03.357426 => Starting processing of Incoming_data\2025-05-04\11\credit_cards_billing.c
2025-05-14T20:10:03.357792 => Processing Incoming_data\2025-05-04\11\credit_cards_billing.c with Listener
2025-05-14T20:10:03.358125 => Processing Incoming_data\2025-05-04\11\credit_cards_billing.c with Extractor
2025-05-14T20:10:03.365083 => Processing Incoming_data\2025-05-04\11\credit_cards_billing.c with FileTypeDetector
2025-05-14T20:10:03.365887 => Processing Incoming_data\2025-05-04\11\credit_cards_billing.c with Validator
2025-05-14T20:10:03.366581 => Processing Incoming_data\2025-05-04\11\credit_cards_billing.c with RejectedFilesHandler
2025-05-14T20:10:03.374476 => Processing Incoming_data\2025-05-04\11\credit_cards_billing.c with TransformerSelector
2025-05-14T20:10:03.374997 => Processing Incoming_data\2025-05-04\11\credit_cards_billing.c with ParquetWriter
2025-05-14T20:10:03.376917 => File Incoming_data\2025-05-04\11\credit_cards_billing.c rejected due to errors
2025-05-14T20:10:03.377666 => Starting processing of Incoming_data\2025-05-04\11\customer_profiles.csv
2025-05-14T20:10:03.377922 => Processing Incoming_data\2025-05-04\11\customer_profiles.csv with Listener
2025-05-14T20:10:03.378204 => Processing Incoming_data\2025-05-04\11\customer_profiles.csv with Extractor
2025-05-14T20:10:03.384809 => Processing Incoming_data\2025-05-04\11\customer_profiles.csv with FileTypeDetector
2025-05-14T20:10:03.385058 => Processing Incoming_data\2025-05-04\11\customer_profiles.csv with Validator
2025-05-14T20:10:03.397221 => Processing Incoming_data\2025-05-04\11\customer_profiles.csv with RejectedFilesHandler
2025-05-14T20:10:03.397489 => Processing Incoming_data\2025-05-04\11\customer_profiles.csv with TransformerSelector
2025-05-14T20:10:06.237520 => Processing Incoming_data\2025-05-04\11\customer_profiles.csv with ParquetWriter
2025-05-14T20:10:06.666443 => Completed processing of Incoming_data\2025-05-04\11\customer_profiles.csv
2025-05-14T20:10:06.700038 => Starting processing of Incoming_data\2025-05-04\11\loans.txt
2025-05-14T20:10:06.700529 => Processing Incoming_data\2025-05-04\11\loans.txt with Listener
2025-05-14T20:10:06.700874 => Processing Incoming_data\2025-05-04\11\loans.txt with Extractor
2025-05-14T20:10:06.702928 => Processing Incoming_data\2025-05-04\11\loans.txt with FileTypeDetector
2025-05-14T20:10:06.703294 => Processing Incoming_data\2025-05-04\11\loans.txt with Validator
2025-05-14T20:10:06.714373 => Processing Incoming_data\2025-05-04\11\loans.txt with RejectedFilesHandler
2025-05-14T20:10:06.714530 => Processing Incoming_data\2025-05-04\11\loans.txt with TransformerSelector
2025-05-14T20:10:06.776676 => Processing Incoming_data\2025-05-04\11\loans.txt with ParquetWriter
2025-05-14T20:10:06.792062 => Completed processing of Incoming_data\2025-05-04\11\loans.txt
2025-05-14T20:10:06.792860 => Starting processing of Incoming_data\2025-05-04\11\support_tickets.csv
2025-05-14T20:10:06.793141 => Processing Incoming_data\2025-05-04\11\support_tickets.csv with Listener
2025-05-14T20:10:06.793559 => Processing Incoming_data\2025-05-04\11\support_tickets.csv with Extractor
2025-05-14T20:10:06.795581 => Processing Incoming_data\2025-05-04\11\support_tickets.csv with FileTypeDetector
2025-05-14T20:10:06.795878 => Processing Incoming_data\2025-05-04\11\support_tickets.csv with Validator
2025-05-14T20:10:06.805702 => Processing Incoming_data\2025-05-04\11\support_tickets.csv with RejectedFilesHandler
2025-05-14T20:10:06.805875 => Processing Incoming_data\2025-05-04\11\support_tickets.csv with TransformerSelector
2025-05-14T20:10:07.209875 => Processing Incoming_data\2025-05-04\11\support_tickets.csv with ParquetWriter
2025-05-14T20:10:07.262430 => Completed processing of Incoming_data\2025-05-04\11\support_tickets.csv
2025-05-14T20:10:07.265716 => Starting processing of Incoming_data\2025-05-04\11\transactions.json
2025-05-14T20:10:07.265914 => Processing Incoming_data\2025-05-04\11\transactions.json with Listener
2025-05-14T20:10:07.266087 => Processing Incoming_data\2025-05-04\11\transactions.json with Extractor
2025-05-14T20:10:07.273786 => Processing Incoming_data\2025-05-04\11\transactions.json with FileTypeDetector
2025-05-14T20:10:07.274057 => Processing Incoming_data\2025-05-04\11\transactions.json with Validator
2025-05-14T20:10:07.469923 => Processing Incoming_data\2025-05-04\11\transactions.json with RejectedFilesHandler
2025-05-14T20:10:07.470155 => Processing Incoming_data\2025-05-04\11\transactions.json with TransformerSelector
2025-05-14T20:10:09.180273 => Processing Incoming_data\2025-05-04\11\transactions.json with ParquetWriter
2025-05-14T20:10:09.435869 => Completed processing of Incoming_data\2025-05-04\11\transactions.json
